Build started 9/26/2013 2:52:44 PM.
     1>Project "C:\Users\customer\Documents\GitHub\changemaker\changemaker\changemaker.vcxproj" on node 2 (build target(s)).
     1>InitializeBuildStatus:
         Creating "Debug\changemaker.unsuccessfulbuild" because "AlwaysCreate" was specified.
       ClCompile:
         All outputs are up-to-date.
         c:\Program Files\Microsoft Visual Studio 10.0\VC\bin\CL.exe /c /ZI /nologo /W3 /WX- /Od /Oy- /D WIN32 /D _DEBUG /D _CONSOLE /D _UNICODE /D UNICODE /Gm /EHsc /RTC1 /MDd /GS /fp:precise /Zc:wchar_t /Zc:forScope /Yu"StdAfx.h" /Fp"Debug\changemaker.pch" /Fo"Debug\\" /Fd"Debug\vc100.pdb" /Gd /TP /analyze- /errorReport:prompt changemaker.cpp
         changemaker.cpp
     1>c:\users\customer\documents\github\changemaker\changemaker\changemaker.cpp(17): warning C4309: 'initializing' : truncation of constant value
     1>c:\users\customer\documents\github\changemaker\changemaker\changemaker.cpp(18): warning C4309: 'initializing' : truncation of constant value
     1>c:\users\customer\documents\github\changemaker\changemaker\changemaker.cpp(19): warning C4309: 'initializing' : truncation of constant value
     1>c:\users\customer\documents\github\changemaker\changemaker\changemaker.cpp(20): warning C4309: 'initializing' : truncation of constant value
     1>c:\users\customer\documents\github\changemaker\changemaker\changemaker.cpp(21): warning C4309: 'initializing' : truncation of constant value
     1>c:\users\customer\documents\github\changemaker\changemaker\changemaker.cpp(22): warning C4309: 'initializing' : truncation of constant value
       ManifestResourceCompile:
         All outputs are up-to-date.
       Link:
         c:\Program Files\Microsoft Visual Studio 10.0\VC\bin\link.exe /ERRORREPORT:PROMPT /OUT:"C:\Users\customer\Documents\GitHub\changemaker\Debug\changemaker.exe" /INCREMENTAL /NOLOGO kernel32.lib user32.lib gdi32.lib winspool.lib comdlg32.lib advapi32.lib shell32.lib ole32.lib oleaut32.lib uuid.lib odbc32.lib odbccp32.lib /MANIFEST /ManifestFile:"Debug\changemaker.exe.intermediate.manifest" /MANIFESTUAC:"level='asInvoker' uiAccess='false'" /DEBUG /PDB:"C:\Users\customer\Documents\GitHub\changemaker\Debug\changemaker.pdb" /SUBSYSTEM:CONSOLE /TLBID:1 /DYNAMICBASE /NXCOMPAT /IMPLIB:"C:\Users\customer\Documents\GitHub\changemaker\Debug\changemaker.lib" /MACHINE:X86 Debug\changemaker.exe.embed.manifest.res
         Debug\changemaker.obj
         Debug\stdafx.obj
       Manifest:
         C:\Program Files\Microsoft SDKs\Windows\v7.0A\bin\mt.exe /nologo /verbose /out:"Debug\changemaker.exe.embed.manifest" /manifest Debug\changemaker.exe.intermediate.manifest
         All outputs are up-to-date.
       LinkEmbedManifest:
         All outputs are up-to-date.
         changemaker.vcxproj -> C:\Users\customer\Documents\GitHub\changemaker\Debug\changemaker.exe
       FinalizeBuildStatus:
         Deleting file "Debug\changemaker.unsuccessfulbuild".
         Touching "Debug\changemaker.lastbuildstate".
     1>Done Building Project "C:\Users\customer\Documents\GitHub\changemaker\changemaker\changemaker.vcxproj" (build target(s)).

Build succeeded.

Time Elapsed 00:00:02.02
